-------------------------------------------------------------------------------
Test set: com.domain.redis.RedisConfigTest
-------------------------------------------------------------------------------
Tests run: 1, Failures: 0, Errors: 1, Skipped: 0, Time elapsed: 0.003 s <<< FAILURE! - in com.domain.redis.RedisConfigTest
initializationError(com.domain.redis.RedisConfigTest)  Time elapsed: 0.001 s  <<< ERROR!
java.lang.Exception: No runnable methods

